app/build/intermediates/manifest_merge_blame_file/debug/processDebugMainManifest/manifest-merger-blame-debug-report.txt
1<?xml version="1.0" encoding="utf-8"?>
2<manifest xmlns:android="http://schemas.android.com/apk/res/android"
3    package="com.cardify.app"
4    android:versionCode="1"
5    android:versionName="1.0.0" >
6
7    <uses-sdk
8        android:minSdkVersion="26"
9        android:targetSdkVersion="35" />
10
11    <uses-feature
11-->src\main\AndroidManifest.xml:4:5-6:36
12        android:name="android.hardware.camera"
12-->src\main\AndroidManifest.xml:5:9-47
13        android:required="false" />
13-->src\main\AndroidManifest.xml:6:9-33
14    <uses-feature
14-->src\main\AndroidManifest.xml:7:5-9:36
15        android:name="android.hardware.camera.autofocus"
15-->src\main\AndroidManifest.xml:8:9-57
16        android:required="false" />
16-->src\main\AndroidManifest.xml:9:9-33
17
18    <uses-permission android:name="android.permission.CAMERA" />
18-->src\main\AndroidManifest.xml:11:5-65
18-->src\main\AndroidManifest.xml:11:22-62
19    <uses-permission android:name="android.permission.VIBRATE" />
19-->src\main\AndroidManifest.xml:12:5-66
19-->src\main\AndroidManifest.xml:12:22-63
20    <uses-permission android:name="android.permission.USE_BIOMETRIC" /> <!-- suppress DeprecatedClassUsageInspection -->
20-->[androidx.biometric:biometric:1.2.0-alpha05] AndroidManifest.xml:22:5-72
20-->[androidx.biometric:biometric:1.2.0-alpha05] AndroidManifest.xml:22:22-69
21    <uses-permission android:name="android.permission.USE_FINGERPRINT" />
21-->[androidx.biometric:biometric:1.2.0-alpha05] AndroidManifest.xml:25:5-74
21-->[androidx.biometric:biometric:1.2.0-alpha05] AndroidManifest.xml:25:22-71
22
23    <permission
23-->[androidx.core:core:1.15.0] AndroidManifest.xml:22:5-24:47
24        android:name="com.cardify.app.DYNAMIC_RECEIVER_NOT_EXPORTED_PERMISSION"
24-->[androidx.core:core:1.15.0] AndroidManifest.xml:23:9-81
25        android:protectionLevel="signature" />
25-->[androidx.core:core:1.15.0] AndroidManifest.xml:24:9-44
26
27    <uses-permission android:name="com.cardify.app.DYNAMIC_RECEIVER_NOT_EXPORTED_PERMISSION" /> <!-- Although the *SdkVersion is captured in gradle build files, this is required for non gradle builds -->
27-->[androidx.core:core:1.15.0] AndroidManifest.xml:26:5-97
27-->[androidx.core:core:1.15.0] AndroidManifest.xml:26:22-94
28    <!-- <uses-sdk android:minSdkVersion="14"/> -->
29    <uses-permission android:name="android.permission.ACCESS_NETWORK_STATE" />
29-->[com.google.android.datatransport:transport-backend-cct:2.3.3] AndroidManifest.xml:25:5-79
29-->[com.google.android.datatransport:transport-backend-cct:2.3.3] AndroidManifest.xml:25:22-76
30    <uses-permission android:name="android.permission.INTERNET" />
30-->[com.google.android.datatransport:transport-backend-cct:2.3.3] AndroidManifest.xml:26:5-67
30-->[com.google.android.datatransport:transport-backend-cct:2.3.3] AndroidManifest.xml:26:22-64
31
32    <application
32-->src\main\AndroidManifest.xml:14:5-35:19
33        android:name="com.cardify.app.CardifyApp"
33-->src\main\AndroidManifest.xml:15:9-35
34        android:allowBackup="true"
34-->src\main\AndroidManifest.xml:16:9-35
35        android:appComponentFactory="androidx.core.app.CoreComponentFactory"
35-->[androidx.core:core:1.15.0] AndroidManifest.xml:28:18-86
36        android:dataExtractionRules="@xml/data_extraction_rules"
36-->src\main\AndroidManifest.xml:18:9-65
37        android:debuggable="true"
38        android:enableOnBackInvokedCallback="true"
38-->src\main\AndroidManifest.xml:17:9-51
39        android:extractNativeLibs="false"
40        android:fullBackupContent="@xml/backup_rules"
40-->src\main\AndroidManifest.xml:19:9-54
41        android:icon="@mipmap/ic_launcher"
41-->src\main\AndroidManifest.xml:20:9-43
42        android:label="@string/app_name"
42-->src\main\AndroidManifest.xml:21:9-41
43        android:roundIcon="@mipmap/ic_launcher_round"
43-->src\main\AndroidManifest.xml:22:9-54
44        android:supportsRtl="true"
44-->src\main\AndroidManifest.xml:23:9-35
45        android:testOnly="true"
46        android:theme="@style/Theme.Cardify" >
46-->src\main\AndroidManifest.xml:24:9-45
47        <activity
47-->src\main\AndroidManifest.xml:25:9-34:20
48            android:name="com.cardify.app.MainActivity"
48-->src\main\AndroidManifest.xml:26:13-41
49            android:exported="true"
49-->src\main\AndroidManifest.xml:27:13-36
50            android:theme="@style/Theme.Cardify"
50-->src\main\AndroidManifest.xml:29:13-49
51            android:windowSoftInputMode="adjustResize" >
51-->src\main\AndroidManifest.xml:28:13-55
52            <intent-filter>
52-->src\main\AndroidManifest.xml:30:13-33:29
53                <action android:name="android.intent.action.MAIN" />
53-->src\main\AndroidManifest.xml:31:17-69
53-->src\main\AndroidManifest.xml:31:25-66
54
55                <category android:name="android.intent.category.LAUNCHER" />
55-->src\main\AndroidManifest.xml:32:17-77
55-->src\main\AndroidManifest.xml:32:27-74
56            </intent-filter>
57        </activity>
58
59        <service
59-->[androidx.camera:camera-camera2:1.4.1] AndroidManifest.xml:24:9-33:19
60            android:name="androidx.camera.core.impl.MetadataHolderService"
60-->[androidx.camera:camera-camera2:1.4.1] AndroidManifest.xml:25:13-75
61            android:enabled="false"
61-->[androidx.camera:camera-camera2:1.4.1] AndroidManifest.xml:26:13-36
62            android:exported="false" >
62-->[androidx.camera:camera-camera2:1.4.1] AndroidManifest.xml:27:13-37
63            <meta-data
63-->[androidx.camera:camera-camera2:1.4.1] AndroidManifest.xml:30:13-32:89
64                android:name="androidx.camera.core.impl.MetadataHolderService.DEFAULT_CONFIG_PROVIDER"
64-->[androidx.camera:camera-camera2:1.4.1] AndroidManifest.xml:31:17-103
65                android:value="androidx.camera.camera2.Camera2Config$DefaultProvider" />
65-->[androidx.camera:camera-camera2:1.4.1] AndroidManifest.xml:32:17-86
66        </service>
67        <service
67-->[com.google.android.gms:play-services-mlkit-barcode-scanning:18.3.1] AndroidManifest.xml:9:9-15:19
68            android:name="com.google.mlkit.common.internal.MlKitComponentDiscoveryService"
68-->[com.google.android.gms:play-services-mlkit-barcode-scanning:18.3.1] AndroidManifest.xml:10:13-91
69            android:directBootAware="true"
69-->[com.google.mlkit:common:18.11.0] AndroidManifest.xml:17:13-43
70            android:exported="false" >
70-->[com.google.android.gms:play-services-mlkit-barcode-scanning:18.3.1] AndroidManifest.xml:11:13-37
71            <meta-data
71-->[com.google.android.gms:play-services-mlkit-barcode-scanning:18.3.1] AndroidManifest.xml:12:13-14:85
72                android:name="com.google.firebase.components:com.google.mlkit.vision.barcode.internal.BarcodeRegistrar"
72-->[com.google.android.gms:play-services-mlkit-barcode-scanning:18.3.1] AndroidManifest.xml:13:17-120
73                android:value="com.google.firebase.components.ComponentRegistrar" />
73-->[com.google.android.gms:play-services-mlkit-barcode-scanning:18.3.1] AndroidManifest.xml:14:17-82
74            <meta-data
74-->[com.google.mlkit:vision-common:17.3.0] AndroidManifest.xml:12:13-14:85
75                android:name="com.google.firebase.components:com.google.mlkit.vision.common.internal.VisionCommonRegistrar"
75-->[com.google.mlkit:vision-common:17.3.0] AndroidManifest.xml:13:17-124
76                android:value="com.google.firebase.components.ComponentRegistrar" />
76-->[com.google.mlkit:vision-common:17.3.0] AndroidManifest.xml:14:17-82
77            <meta-data
77-->[com.google.mlkit:common:18.11.0] AndroidManifest.xml:20:13-22:85
78                android:name="com.google.firebase.components:com.google.mlkit.common.internal.CommonComponentRegistrar"
78-->[com.google.mlkit:common:18.11.0] AndroidManifest.xml:21:17-120
79                android:value="com.google.firebase.components.ComponentRegistrar" />
79-->[com.google.mlkit:common:18.11.0] AndroidManifest.xml:22:17-82
80        </service>
81
82        <provider
82-->[com.google.mlkit:common:18.11.0] AndroidManifest.xml:9:9-13:38
83            android:name="com.google.mlkit.common.internal.MlKitInitProvider"
83-->[com.google.mlkit:common:18.11.0] AndroidManifest.xml:10:13-78
84            android:authorities="com.cardify.app.mlkitinitprovider"
84-->[com.google.mlkit:common:18.11.0] AndroidManifest.xml:11:13-69
85            android:exported="false"
85-->[com.google.mlkit:common:18.11.0] AndroidManifest.xml:12:13-37
86            android:initOrder="99" />
86-->[com.google.mlkit:common:18.11.0] AndroidManifest.xml:13:13-35
87
88        <activity
88-->[com.google.android.gms:play-services-base:18.5.0] AndroidManifest.xml:5:9-173
89            android:name="com.google.android.gms.common.api.GoogleApiActivity"
89-->[com.google.android.gms:play-services-base:18.5.0] AndroidManifest.xml:5:19-85
90            android:exported="false"
90-->[com.google.android.gms:play-services-base:18.5.0] AndroidManifest.xml:5:146-170
91            android:theme="@android:style/Theme.Translucent.NoTitleBar" />
91-->[com.google.android.gms:play-services-base:18.5.0] AndroidManifest.xml:5:86-145
92
93        <meta-data
93-->[com.google.android.gms:play-services-basement:18.4.0] AndroidManifest.xml:6:9-122
94            android:name="com.google.android.gms.version"
94-->[com.google.android.gms:play-services-basement:18.4.0] AndroidManifest.xml:6:20-65
95            android:value="@integer/google_play_services_version" />
95-->[com.google.android.gms:play-services-basement:18.4.0] AndroidManifest.xml:6:66-119
96
97        <activity
97-->[androidx.compose.ui:ui-tooling-android:1.7.6] AndroidManifest.xml:23:9-25:39
98            android:name="androidx.compose.ui.tooling.PreviewActivity"
98-->[androidx.compose.ui:ui-tooling-android:1.7.6] AndroidManifest.xml:24:13-71
99            android:exported="true" />
99-->[androidx.compose.ui:ui-tooling-android:1.7.6] AndroidManifest.xml:25:13-36
100
101        <provider
101-->[androidx.lifecycle:lifecycle-process:2.8.7] AndroidManifest.xml:24:9-32:20
102            android:name="androidx.startup.InitializationProvider"
102-->[androidx.lifecycle:lifecycle-process:2.8.7] AndroidManifest.xml:25:13-67
103            android:authorities="com.cardify.app.androidx-startup"
103-->[androidx.lifecycle:lifecycle-process:2.8.7] AndroidManifest.xml:26:13-68
104            android:exported="false" >
104-->[androidx.lifecycle:lifecycle-process:2.8.7] AndroidManifest.xml:27:13-37
105            <meta-data
105-->[androidx.lifecycle:lifecycle-process:2.8.7] AndroidManifest.xml:29:13-31:52
106                android:name="androidx.lifecycle.ProcessLifecycleInitializer"
106-->[androidx.lifecycle:lifecycle-process:2.8.7] AndroidManifest.xml:30:17-78
107                android:value="androidx.startup" />
107-->[androidx.lifecycle:lifecycle-process:2.8.7] AndroidManifest.xml:31:17-49
108            <meta-data
108-->[androidx.emoji2:emoji2:1.3.0] AndroidManifest.xml:29:13-31:52
109                android:name="androidx.emoji2.text.EmojiCompatInitializer"
109-->[androidx.emoji2:emoji2:1.3.0] AndroidManifest.xml:30:17-75
110                android:value="androidx.startup" />
110-->[androidx.emoji2:emoji2:1.3.0] AndroidManifest.xml:31:17-49
111            <meta-data
111-->[androidx.profileinstaller:profileinstaller:1.3.1] AndroidManifest.xml:29:13-31:52
112                android:name="androidx.profileinstaller.ProfileInstallerInitializer"
112-->[androidx.profileinstaller:profileinstaller:1.3.1] AndroidManifest.xml:30:17-85
113                android:value="androidx.startup" />
113-->[androidx.profileinstaller:profileinstaller:1.3.1] AndroidManifest.xml:31:17-49
114        </provider>
115
116        <service
116-->[androidx.room:room-runtime:2.6.1] AndroidManifest.xml:24:9-28:63
117            android:name="androidx.room.MultiInstanceInvalidationService"
117-->[androidx.room:room-runtime:2.6.1] AndroidManifest.xml:25:13-74
118            android:directBootAware="true"
118-->[androidx.room:room-runtime:2.6.1] AndroidManifest.xml:26:13-43
119            android:exported="false" />
119-->[androidx.room:room-runtime:2.6.1] AndroidManifest.xml:27:13-37
120
121        <receiver
121-->[androidx.profileinstaller:profileinstaller:1.3.1] AndroidManifest.xml:34:9-52:20
122            android:name="androidx.profileinstaller.ProfileInstallReceiver"
122-->[androidx.profileinstaller:profileinstaller:1.3.1] AndroidManifest.xml:35:13-76
123            android:directBootAware="false"
123-->[androidx.profileinstaller:profileinstaller:1.3.1] AndroidManifest.xml:36:13-44
124            android:enabled="true"
124-->[androidx.profileinstaller:profileinstaller:1.3.1] AndroidManifest.xml:37:13-35
125            android:exported="true"
125-->[androidx.profileinstaller:profileinstaller:1.3.1] AndroidManifest.xml:38:13-36
126            android:permission="android.permission.DUMP" >
126-->[androidx.profileinstaller:profileinstaller:1.3.1] AndroidManifest.xml:39:13-57
127            <intent-filter>
127-->[androidx.profileinstaller:profileinstaller:1.3.1] AndroidManifest.xml:40:13-42:29
128                <action android:name="androidx.profileinstaller.action.INSTALL_PROFILE" />
128-->[androidx.profileinstaller:profileinstaller:1.3.1] AndroidManifest.xml:41:17-91
128-->[androidx.profileinstaller:profileinstaller:1.3.1] AndroidManifest.xml:41:25-88
129            </intent-filter>
130            <intent-filter>
130-->[androidx.profileinstaller:profileinstaller:1.3.1] AndroidManifest.xml:43:13-45:29
131                <action android:name="androidx.profileinstaller.action.SKIP_FILE" />
131-->[androidx.profileinstaller:profileinstaller:1.3.1] AndroidManifest.xml:44:17-85
131-->[androidx.profileinstaller:profileinstaller:1.3.1] AndroidManifest.xml:44:25-82
132            </intent-filter>
133            <intent-filter>
133-->[androidx.profileinstaller:profileinstaller:1.3.1] AndroidManifest.xml:46:13-48:29
134                <action android:name="androidx.profileinstaller.action.SAVE_PROFILE" />
134-->[androidx.profileinstaller:profileinstaller:1.3.1] AndroidManifest.xml:47:17-88
134-->[androidx.profileinstaller:profileinstaller:1.3.1] AndroidManifest.xml:47:25-85
135            </intent-filter>
136            <intent-filter>
136-->[androidx.profileinstaller:profileinstaller:1.3.1] AndroidManifest.xml:49:13-51:29
137                <action android:name="androidx.profileinstaller.action.BENCHMARK_OPERATION" />
137-->[androidx.profileinstaller:profileinstaller:1.3.1] AndroidManifest.xml:50:17-95
137-->[androidx.profileinstaller:profileinstaller:1.3.1] AndroidManifest.xml:50:25-92
138            </intent-filter>
139        </receiver>
140
141        <service
141-->[com.google.android.datatransport:transport-backend-cct:2.3.3] AndroidManifest.xml:29:9-35:19
142            android:name="com.google.android.datatransport.runtime.backends.TransportBackendDiscovery"
142-->[com.google.android.datatransport:transport-backend-cct:2.3.3] AndroidManifest.xml:30:13-103
143            android:exported="false" >
143-->[com.google.android.datatransport:transport-backend-cct:2.3.3] AndroidManifest.xml:31:13-37
144            <meta-data
144-->[com.google.android.datatransport:transport-backend-cct:2.3.3] AndroidManifest.xml:32:13-34:39
145                android:name="backend:com.google.android.datatransport.cct.CctBackendFactory"
145-->[com.google.android.datatransport:transport-backend-cct:2.3.3] AndroidManifest.xml:33:17-94
146                android:value="cct" />
146-->[com.google.android.datatransport:transport-backend-cct:2.3.3] AndroidManifest.xml:34:17-36
147        </service>
148        <service
148-->[com.google.android.datatransport:transport-runtime:2.2.6] AndroidManifest.xml:26:9-30:19
149            android:name="com.google.android.datatransport.runtime.scheduling.jobscheduling.JobInfoSchedulerService"
149-->[com.google.android.datatransport:transport-runtime:2.2.6] AndroidManifest.xml:27:13-117
150            android:exported="false"
150-->[com.google.android.datatransport:transport-runtime:2.2.6] AndroidManifest.xml:28:13-37
151            android:permission="android.permission.BIND_JOB_SERVICE" >
151-->[com.google.android.datatransport:transport-runtime:2.2.6] AndroidManifest.xml:29:13-69
152        </service>
153
154        <receiver
154-->[com.google.android.datatransport:transport-runtime:2.2.6] AndroidManifest.xml:32:9-34:40
155            android:name="com.google.android.datatransport.runtime.scheduling.jobscheduling.AlarmManagerSchedulerBroadcastReceiver"
155-->[com.google.android.datatransport:transport-runtime:2.2.6] AndroidManifest.xml:33:13-132
156            android:exported="false" />
156-->[com.google.android.datatransport:transport-runtime:2.2.6] AndroidManifest.xml:34:13-37
157    </application>
158
159</manifest>